<?xml version="1.0" encoding="UTF-8"?>
<!-- Generated by org.testng.reporters.JUnitReportReporter -->
<testsuite hostname="madhu" failures="0" tests="7" name="TestScenarioGroup1.Sample1" time="0.016" errors="0" timestamp="2023-10-07T12:33:33 IST" skipped="0">
  <testcase classname="TestScenarioGroup1.Sample1" name="openapp" time="0.001"/>
  <system-out/>
  <testcase classname="TestScenarioGroup1.Sample1" name="openapp" time="0.010"/>
  <system-out/>
  <testcase classname="TestScenarioGroup1.Sample1" name="loginSample1" time="0.001"/>
  <system-out/>
  <testcase classname="TestScenarioGroup1.Sample1" name="loginwithInvaliddata" time="0.002"/>
  <system-out/>
  <testcase classname="TestScenarioGroup1.Sample1" name="loginwithInvaliddata" time="0.001"/>
  <system-out/>
  <testcase classname="TestScenarioGroup1.Sample1" name="loginwithWrongpassword" time="0.000"/>
  <system-out/>
  <testcase classname="TestScenarioGroup1.Sample1" name="loginwithWrongpassword" time="0.001"/>
  <system-out/>
</testsuite> <!-- TestScenarioGroup1.Sample1 -->
