<?xml version="1.0" encoding="UTF-8"?>
<!-- Generated by org.testng.reporters.JUnitReportReporter -->
<testsuite hostname="madhu" failures="0" tests="1" name="com.app.TestNG.Extentreports.SetUpCheck" time="1.522" errors="0" timestamp="2023-10-07T17:31:35 IST" skipped="0">
  <testcase classname="com.app.TestNG.Extentreports.SetUpCheck" name="extentDemo2" time="1.522"/>
  <system-out/>
</testsuite> <!-- com.app.TestNG.Extentreports.SetUpCheck -->
