<?xml version="1.0" encoding="UTF-8"?>
<!-- Generated by org.testng.reporters.JUnitReportReporter -->
<testsuite hostname="madhu" failures="0" tests="1" name="com.app.TestNgScripts.BeforeAfterClassAnnotation" time="0.007" errors="0" timestamp="2023-10-07T11:57:43 IST" skipped="0">
  <testcase classname="com.app.TestNgScripts.BeforeAfterClassAnnotation" name="GetTitle" time="0.007"/>
  <system-out/>
</testsuite> <!-- com.app.TestNgScripts.BeforeAfterClassAnnotation -->
