<?xml version="1.0" encoding="UTF-8"?>
<!-- Generated by org.testng.reporters.JUnitReportReporter -->
<testsuite hostname="madhu" failures="0" tests="4" name="com.app.TestNgScripts.Paralleltest" time="21.182" errors="0" timestamp="2023-10-07T17:15:49 IST" skipped="0">
  <testcase classname="com.app.TestNgScripts.Paralleltest" name="wikiPage2" time="6.108"/>
  <system-out/>
  <testcase classname="com.app.TestNgScripts.Paralleltest" name="ninjaPage2" time="4.799"/>
  <system-out/>
  <testcase classname="com.app.TestNgScripts.Paralleltest" name="wikiPage" time="5.982"/>
  <system-out/>
  <testcase classname="com.app.TestNgScripts.Paralleltest" name="ninjaPage" time="4.293"/>
  <system-out/>
</testsuite> <!-- com.app.TestNgScripts.Paralleltest -->
