<?xml version="1.0" encoding="UTF-8"?>
<!-- Generated by org.testng.reporters.JUnitReportReporter -->
<testsuite hostname="madhu" failures="0" tests="1" name="com.app.TestNG.Extentreports.ExtentReportDemo2" time="1.258" errors="0" timestamp="2023-10-07T18:11:20 IST" skipped="0">
  <testcase classname="com.app.TestNG.Extentreports.ExtentReportDemo2" name="extentDemo2" time="1.258"/>
  <system-out/>
</testsuite> <!-- com.app.TestNG.Extentreports.ExtentReportDemo2 -->
