<?xml version="1.0" encoding="UTF-8"?>
<!-- Generated by org.testng.reporters.JUnitReportReporter -->
<testsuite hostname="madhu" failures="0" tests="8" name="TestScenarioGroup1.Sample2" time="0.008" errors="0" timestamp="2023-10-07T12:33:33 IST" skipped="0">
  <testcase classname="TestScenarioGroup1.Sample2" name="opentheAccountPage" time="0.001"/>
  <system-out/>
  <testcase classname="TestScenarioGroup1.Sample2" name="opentheAccountPage" time="0.001"/>
  <system-out/>
  <testcase classname="TestScenarioGroup1.Sample2" name="login" time="0.002"/>
  <system-out/>
  <testcase classname="TestScenarioGroup1.Sample2" name="Accounts" time="0.001"/>
  <system-out/>
  <testcase classname="TestScenarioGroup1.Sample2" name="createAccount" time="0.001"/>
  <system-out/>
  <testcase classname="TestScenarioGroup1.Sample2" name="createAccount" time="0.000"/>
  <system-out/>
  <testcase classname="TestScenarioGroup1.Sample2" name="Logout" time="0.001"/>
  <system-out/>
  <testcase classname="TestScenarioGroup1.Sample2" name="Logout" time="0.001"/>
  <system-out/>
</testsuite> <!-- TestScenarioGroup1.Sample2 -->
